# JRE version: OpenJDK Runtime Environment (8.0_242-b01) (build 1.8.0_242-release-1644-b01)
# Java VM: OpenJDK 64-Bit Server VM (25.242-b01 mixed mode windows-amd64 compressed oops)
Heap:
 PSYoungGen      total 138752K, used 102948K [0x00000000f5580000, 0x0000000100000000, 0x0000000100000000)
  eden space 105984K, 73% used [0x00000000f5580000,0x00000000fa1473a0,0x00000000fbd00000)
  from space 32768K, 77% used [0x00000000fe000000,0x00000000ff8c1e70,0x0000000100000000)
  to   space 34304K, 0% used [0x00000000fbd00000,0x00000000fbd00000,0x00000000fde80000)
 ParOldGen       total 200704K, used 58997K [0x00000000e0000000, 0x00000000ec400000, 0x00000000f5580000)
  object space 200704K, 29% used [0x00000000e0000000,0x00000000e399d5d8,0x00000000ec400000)
 Metaspace       used 76832K, capacity 79764K, committed 80000K, reserved 1118208K
  class space    used 10235K, capacity 10854K, committed 10880K, reserved 1048576K
GC Heap History (10 events):
Event: 66.326 GC heap before
{Heap before GC invocations=11 (full 3):
 PSYoungGen      total 154112K, used 133632K [0x00000000f5580000, 0x0000000100000000, 0x0000000100000000)
  eden space 133632K, 100% used [0x00000000f5580000,0x00000000fd800000,0x00000000fd800000)
  from space 20480K, 0% used [0x00000000fd800000,0x00000000fd800000,0x00000000fec00000)
  to   space 20480K, 0% used [0x00000000fec00000,0x00000000fec00000,0x0000000100000000)
 ParOldGen       total 200704K, used 35418K [0x00000000e0000000, 0x00000000ec400000, 0x00000000f5580000)
  object space 200704K, 17% used [0x00000000e0000000,0x00000000e2296870,0x00000000ec400000)
 Metaspace       used 64392K, capacity 67008K, committed 67072K, reserved 1107968K
  class space    used 8864K, capacity 9424K, committed 9472K, reserved 1048576K
Event: 66.371 GC heap after
Heap after GC invocations=11 (full 3):
 PSYoungGen      total 144896K, used 17104K [0x00000000f5580000, 0x0000000100000000, 0x0000000100000000)
  eden space 124416K, 0% used [0x00000000f5580000,0x00000000f5580000,0x00000000fcf00000)
  from space 20480K, 83% used [0x00000000fec00000,0x00000000ffcb40d0,0x0000000100000000)
  to   space 25088K, 0% used [0x00000000fcf00000,0x00000000fcf00000,0x00000000fe780000)
 ParOldGen       total 200704K, used 35426K [0x00000000e0000000, 0x00000000ec400000, 0x00000000f5580000)
  object space 200704K, 17% used [0x00000000e0000000,0x00000000e2298870,0x00000000ec400000)
 Metaspace       used 64392K, capacity 67008K, committed 67072K, reserved 1107968K
  class space    used 8864K, capacity 9424K, committed 9472K, reserved 1048576K
}
Event: 73.423 GC heap before
{Heap before GC invocations=12 (full 3):
 PSYoungGen      total 144896K, used 141520K [0x00000000f5580000, 0x0000000100000000, 0x0000000100000000)
  eden space 124416K, 100% used [0x00000000f5580000,0x00000000fcf00000,0x00000000fcf00000)
  from space 20480K, 83% used [0x00000000fec00000,0x00000000ffcb40d0,0x0000000100000000)
  to   space 25088K, 0% used [0x00000000fcf00000,0x00000000fcf00000,0x00000000fe780000)
 ParOldGen       total 200704K, used 35426K [0x00000000e0000000, 0x00000000ec400000, 0x00000000f5580000)
  object space 200704K, 17% used [0x00000000e0000000,0x00000000e2298870,0x00000000ec400000)
 Metaspace       used 72238K, capacity 75020K, committed 75264K, reserved 1114112K
  class space    used 9817K, capacity 10430K, committed 10496K, reserved 1048576K
Event: 73.638 GC heap after
Heap after GC invocations=12 (full 3):
 PSYoungGen      total 148480K, used 23557K [0x00000000f5580000, 0x0000000100000000, 0x0000000100000000)
  eden space 124416K, 0% used [0x00000000f5580000,0x00000000f5580000,0x00000000fcf00000)
  from space 24064K, 97% used [0x00000000fcf00000,0x00000000fe601418,0x00000000fe680000)
  to   space 26112K, 0% used [0x00000000fe680000,0x00000000fe680000,0x0000000100000000)
 ParOldGen       total 200704K, used 35426K [0x00000000e0000000, 0x00000000ec400000, 0x00000000f5580000)
  object space 200704K, 17% used [0x00000000e0000000,0x00000000e2298870,0x00000000ec400000)
 Metaspace       used 72238K, capacity 75020K, committed 75264K, reserved 1114112K
  class space    used 9817K, capacity 10430K, committed 10496K, reserved 1048576K
}
Event: 77.076 GC heap before
{Heap before GC invocations=13 (full 3):
 PSYoungGen      total 148480K, used 147973K [0x00000000f5580000, 0x0000000100000000, 0x0000000100000000)
  eden space 124416K, 100% used [0x00000000f5580000,0x00000000fcf00000,0x00000000fcf00000)
  from space 24064K, 97% used [0x00000000fcf00000,0x00000000fe601418,0x00000000fe680000)
  to   space 26112K, 0% used [0x00000000fe680000,0x00000000fe680000,0x0000000100000000)
 ParOldGen       total 200704K, used 35426K [0x00000000e0000000, 0x00000000ec400000, 0x00000000f5580000)
  object space 200704K, 17% used [0x00000000e0000000,0x00000000e2298870,0x00000000ec400000)
 Metaspace       used 74499K, capacity 77270K, committed 77568K, reserved 1116160K
  class space    used 10036K, capacity 10627K, committed 10752K, reserved 1048576K
Event: 77.237 GC heap after
Heap after GC invocations=13 (full 3):
 PSYoungGen      total 134144K, used 26104K [0x00000000f5580000, 0x0000000100000000, 0x0000000100000000)
  eden space 108032K, 0% used [0x00000000f5580000,0x00000000f5580000,0x00000000fbf00000)
  from space 26112K, 99% used [0x00000000fe680000,0x00000000ffffe2f0,0x0000000100000000)
  to   space 33280K, 0% used [0x00000000fbf00000,0x00000000fbf00000,0x00000000fdf80000)
 ParOldGen       total 200704K, used 42453K [0x00000000e0000000, 0x00000000ec400000, 0x00000000f5580000)
  object space 200704K, 21% used [0x00000000e0000000,0x00000000e2975588,0x00000000ec400000)
 Metaspace       used 74499K, capacity 77270K, committed 77568K, reserved 1116160K
  class space    used 10036K, capacity 10627K, committed 10752K, reserved 1048576K
}
Event: 78.522 GC heap before
{Heap before GC invocations=14 (full 3):
 PSYoungGen      total 134144K, used 134136K [0x00000000f5580000, 0x0000000100000000, 0x0000000100000000)
  eden space 108032K, 100% used [0x00000000f5580000,0x00000000fbf00000,0x00000000fbf00000)
  from space 26112K, 99% used [0x00000000fe680000,0x00000000ffffe2f0,0x0000000100000000)
  to   space 33280K, 0% used [0x00000000fbf00000,0x00000000fbf00000,0x00000000fdf80000)
 ParOldGen       total 200704K, used 42453K [0x00000000e0000000, 0x00000000ec400000, 0x00000000f5580000)
  object space 200704K, 21% used [0x00000000e0000000,0x00000000e2975588,0x00000000ec400000)
 Metaspace       used 75000K, capacity 77906K, committed 78080K, reserved 1116160K
  class space    used 10084K, capacity 10685K, committed 10752K, reserved 1048576K
Event: 78.561 GC heap after
Heap after GC invocations=14 (full 3):
 PSYoungGen      total 141312K, used 18925K [0x00000000f5580000, 0x0000000100000000, 0x0000000100000000)
  eden space 108032K, 0% used [0x00000000f5580000,0x00000000f5580000,0x00000000fbf00000)
  from space 33280K, 56% used [0x00000000fbf00000,0x00000000fd17b5d8,0x00000000fdf80000)
  to   space 32768K, 0% used [0x00000000fe000000,0x00000000fe000000,0x0000000100000000)
 ParOldGen       total 200704K, used 51896K [0x00000000e0000000, 0x00000000ec400000, 0x00000000f5580000)
  object space 200704K, 25% used [0x00000000e0000000,0x00000000e32ae128,0x00000000ec400000)
 Metaspace       used 75000K, capacity 77906K, committed 78080K, reserved 1116160K
  class space    used 10084K, capacity 10685K, committed 10752K, reserved 1048576K
}
Event: 81.499 GC heap before
{Heap before GC invocations=15 (full 3):
 PSYoungGen      total 141312K, used 126957K [0x00000000f5580000, 0x0000000100000000, 0x0000000100000000)
  eden space 108032K, 100% used [0x00000000f5580000,0x00000000fbf00000,0x00000000fbf00000)
  from space 33280K, 56% used [0x00000000fbf00000,0x00000000fd17b5d8,0x00000000fdf80000)
  to   space 32768K, 0% used [0x00000000fe000000,0x00000000fe000000,0x0000000100000000)
 ParOldGen       total 200704K, used 51896K [0x00000000e0000000, 0x00000000ec400000, 0x00000000f5580000)
  object space 200704K, 25% used [0x00000000e0000000,0x00000000e32ae128,0x00000000ec400000)
 Metaspace       used 75251K, capacity 78162K, committed 78336K, reserved 1116160K
  class space    used 10086K, capacity 10685K, committed 10752K, reserved 1048576K
Event: 81.861 GC heap after
Heap after GC invocations=15 (full 3):
 PSYoungGen      total 138752K, used 25351K [0x00000000f5580000, 0x0000000100000000, 0x0000000100000000)
  eden space 105984K, 0% used [0x00000000f5580000,0x00000000f5580000,0x00000000fbd00000)
  from space 32768K, 77% used [0x00000000fe000000,0x00000000ff8c1e70,0x0000000100000000)
  to   space 34304K, 0% used [0x00000000fbd00000,0x00000000fbd00000,0x00000000fde80000)
 ParOldGen       total 200704K, used 58997K [0x00000000e0000000, 0x00000000ec400000, 0x00000000f5580000)
  object space 200704K, 29% used [0x00000000e0000000,0x00000000e399d5d8,0x00000000ec400000)
 Metaspace       used 75251K, capacity 78162K, committed 78336K, reserved 1116160K
  class space    used 10086K, capacity 10685K, committed 10752K, reserved 1048576K
}

